[2018-08-01 19:14:50] local.ERROR: exception 'PDOException' with message 'SQLSTATE[42000]: Syntax error or access violation: 1071 Specified key was too long; max key length is 767 bytes' in C:\xampp\htdocs\software_project\interior_design\vendor\laravel\framework\src\Illuminate\Database\Connection.php:449
Stack trace:
#0 C:\xampp\htdocs\software_project\interior_design\vendor\laravel\framework\src\Illuminate\Database\Connection.php(449): PDOStatement->execute()
#1 C:\xampp\htdocs\software_project\interior_design\vendor\laravel\framework\src\Illuminate\Database\Connection.php(640): Illuminate\Database\Connection->Illuminate\Database\{closure}('alter table `us...', Array)
#2 C:\xampp\htdocs\software_project\interior_design\vendor\laravel\framework\src\Illuminate\Database\Connection.php(607): Illuminate\Database\Connection->runQueryCallback('alter table `us...', Array, Object(Closure))
#3 C:\xampp\htdocs\software_project\interior_design\vendor\laravel\framework\src\Illuminate\Database\Connection.php(450): Illuminate\Database\Connection->run('alter table `us...', Array, Object(Closure))
#4 C:\xampp\htdocs\software_project\interior_design\vendor\laravel\framework\src\Illuminate\Database\Schema\Blueprint.php(86): Illuminate\Database\Connection->statement('alter table `us...')
#5 C:\xampp\htdocs\software_project\interior_design\vendor\laravel\framework\src\Illuminate\Database\Schema\Builder.php(239): Illuminate\Database\Schema\Blueprint->build(Object(Illuminate\Database\MySqlConnection), Object(Illuminate\Database\Schema\Grammars\MySqlGrammar))
#6 C:\xampp\htdocs\software_project\interior_design\vendor\laravel\framework\src\Illuminate\Database\Schema\Builder.php(164): Illuminate\Database\Schema\Builder->build(Object(Illuminate\Database\Schema\Blueprint))
#7 C:\xampp\htdocs\software_project\interior_design\vendor\laravel\framework\src\Illuminate\Support\Facades\Facade.php(221): Illuminate\Database\Schema\Builder->create('users', Object(Closure))
#8 C:\xampp\htdocs\software_project\interior_design\database\migrations\2014_10_12_000000_create_users_table.php(23): Illuminate\Support\Facades\Facade::__callStatic('create', Array)
#9 C:\xampp\htdocs\software_project\interior_design\database\migrations\2014_10_12_000000_create_users_table.php(23): Illuminate\Support\Facades\Schema::create('users', Object(Closure))
#10 C:\xampp\htdocs\software_project\interior_design\vendor\laravel\framework\src\Illuminate\Database\Migrations\Migrator.php(359): CreateUsersTable->up()
#11 C:\xampp\htdocs\software_project\interior_design\vendor\laravel\framework\src\Illuminate\Database\Migrations\Migrator.php(365): Illuminate\Database\Migrations\Migrator->Illuminate\Database\Migrations\{closure}()
#12 C:\xampp\htdocs\software_project\interior_design\vendor\laravel\framework\src\Illuminate\Database\Migrations\Migrator.php(177): Illuminate\Database\Migrations\Migrator->runMigration(Object(CreateUsersTable), 'up')
#13 C:\xampp\htdocs\software_project\interior_design\vendor\laravel\framework\src\Illuminate\Database\Migrations\Migrator.php(146): Illuminate\Database\Migrations\Migrator->runUp('C:\\xampp\\htdocs...', 1, false)
#14 C:\xampp\htdocs\software_project\interior_design\vendor\laravel\framework\src\Illuminate\Database\Migrations\Migrator.php(95): Illuminate\Database\Migrations\Migrator->runPending(Array, Array)
#15 C:\xampp\htdocs\software_project\interior_design\vendor\laravel\framework\src\Illuminate\Database\Console\Migrations\MigrateCommand.php(70): Illuminate\Database\Migrations\Migrator->run(Array, Array)
#16 [internal function]: Illuminate\Database\Console\Migrations\MigrateCommand->fire()
#17 C:\xampp\htdocs\software_project\interior_design\vendor\laravel\framework\src\Illuminate\Container\BoundMethod.php(30): call_user_func_array(Array, Array)
#18 C:\xampp\htdocs\software_project\interior_design\vendor\laravel\framework\src\Illuminate\Container\BoundMethod.php(87): Illuminate\Container\BoundMethod::Illuminate\Container\{closure}()
#19 C:\xampp\htdocs\software_project\interior_design\vendor\laravel\framework\src\Illuminate\Container\BoundMethod.php(31): Illuminate\Container\BoundMethod::callBoundMethod(Object(Illuminate\Foundation\Application), Array, Object(Closure))
#20 C:\xampp\htdocs\software_project\interior_design\vendor\laravel\framework\src\Illuminate\Container\Container.php(539): Illuminate\Container\BoundMethod::call(Object(Illuminate\Foundation\Application), Array, Array, NULL)
#21 C:\xampp\htdocs\software_project\interior_design\vendor\laravel\framework\src\Illuminate\Console\Command.php(182): Illuminate\Container\Container->call(Array)
#22 C:\xampp\htdocs\software_project\interior_design\vendor\symfony\console\Command\Command.php(251): Illuminate\Console\Command->execute(Object(Symfony\Component\Console\Input\ArgvInput), Object(Illuminate\Console\OutputStyle))
#23 C:\xampp\htdocs\software_project\interior_design\vendor\laravel\framework\src\Illuminate\Console\Command.php(168): Symfony\Component\Console\Command\Command->run(Object(Symfony\Component\Console\Input\ArgvInput), Object(Illuminate\Console\OutputStyle))
#24 C:\xampp\htdocs\software_project\interior_design\vendor\symfony\console\Application.php(946): Illuminate\Console\Command->run(Object(Symfony\Component\Console\Input\ArgvInput), Object(Symfony\Component\Console\Output\ConsoleOutput))
#25 C:\xampp\htdocs\software_project\interior_design\vendor\symfony\console\Application.php(248): Symfony\Component\Console\Application->doRunCommand(Object(Illuminate\Database\Console\Migrations\MigrateCommand), Object(Symfony\Component\Console\Input\ArgvInput), Object(Symfony\Component\Console\Output\ConsoleOutput))
#26 C:\xampp\htdocs\software_project\interior_design\vendor\symfony\console\Application.php(148): Symfony\Component\Console\Application->doRun(Object(Symfony\Component\Console\Input\ArgvInput), Object(Symfony\Component\Console\Output\ConsoleOutput))
#27 C:\xampp\htdocs\software_project\interior_design\vendor\laravel\framework\src\Illuminate\Foundation\Console\Kernel.php(122): Symfony\Component\Console\Application->run(Object(Symfony\Component\Console\Input\ArgvInput), Object(Symfony\Component\Console\Output\ConsoleOutput))
#28 C:\xampp\htdocs\software_project\interior_design\artisan(36): Illuminate\Foundation\Console\Kernel->handle(Object(Symfony\Component\Console\Input\ArgvInput), Object(Symfony\Component\Console\Output\ConsoleOutput))
#29 {main}

Next exception 'Illuminate\Database\QueryException' with message 'SQLSTATE[42000]: Syntax error or access violation: 1071 Specified key was too long; max key length is 767 bytes (SQL: alter table `users` add unique `users_email_unique`(`email`))' in C:\xampp\htdocs\software_project\interior_design\vendor\laravel\framework\src\Illuminate\Database\Connection.php:647
Stack trace:
#0 C:\xampp\htdocs\software_project\interior_design\vendor\laravel\framework\src\Illuminate\Database\Connection.php(607): Illuminate\Database\Connection->runQueryCallback('alter table `us...', Array, Object(Closure))
#1 C:\xampp\htdocs\software_project\interior_design\vendor\laravel\framework\src\Illuminate\Database\Connection.php(450): Illuminate\Database\Connection->run('alter table `us...', Array, Object(Closure))
#2 C:\xampp\htdocs\software_project\interior_design\vendor\laravel\framework\src\Illuminate\Database\Schema\Blueprint.php(86): Illuminate\Database\Connection->statement('alter table `us...')
#3 C:\xampp\htdocs\software_project\interior_design\vendor\laravel\framework\src\Illuminate\Database\Schema\Builder.php(239): Illuminate\Database\Schema\Blueprint->build(Object(Illuminate\Database\MySqlConnection), Object(Illuminate\Database\Schema\Grammars\MySqlGrammar))
#4 C:\xampp\htdocs\software_project\interior_design\vendor\laravel\framework\src\Illuminate\Database\Schema\Builder.php(164): Illuminate\Database\Schema\Builder->build(Object(Illuminate\Database\Schema\Blueprint))
#5 C:\xampp\htdocs\software_project\interior_design\vendor\laravel\framework\src\Illuminate\Support\Facades\Facade.php(221): Illuminate\Database\Schema\Builder->create('users', Object(Closure))
#6 C:\xampp\htdocs\software_project\interior_design\database\migrations\2014_10_12_000000_create_users_table.php(23): Illuminate\Support\Facades\Facade::__callStatic('create', Array)
#7 C:\xampp\htdocs\software_project\interior_design\database\migrations\2014_10_12_000000_create_users_table.php(23): Illuminate\Support\Facades\Schema::create('users', Object(Closure))
#8 C:\xampp\htdocs\software_project\interior_design\vendor\laravel\framework\src\Illuminate\Database\Migrations\Migrator.php(359): CreateUsersTable->up()
#9 C:\xampp\htdocs\software_project\interior_design\vendor\laravel\framework\src\Illuminate\Database\Migrations\Migrator.php(365): Illuminate\Database\Migrations\Migrator->Illuminate\Database\Migrations\{closure}()
#10 C:\xampp\htdocs\software_project\interior_design\vendor\laravel\framework\src\Illuminate\Database\Migrations\Migrator.php(177): Illuminate\Database\Migrations\Migrator->runMigration(Object(CreateUsersTable), 'up')
#11 C:\xampp\htdocs\software_project\interior_design\vendor\laravel\framework\src\Illuminate\Database\Migrations\Migrator.php(146): Illuminate\Database\Migrations\Migrator->runUp('C:\\xampp\\htdocs...', 1, false)
#12 C:\xampp\htdocs\software_project\interior_design\vendor\laravel\framework\src\Illuminate\Database\Migrations\Migrator.php(95): Illuminate\Database\Migrations\Migrator->runPending(Array, Array)
#13 C:\xampp\htdocs\software_project\interior_design\vendor\laravel\framework\src\Illuminate\Database\Console\Migrations\MigrateCommand.php(70): Illuminate\Database\Migrations\Migrator->run(Array, Array)
#14 [internal function]: Illuminate\Database\Console\Migrations\MigrateCommand->fire()
#15 C:\xampp\htdocs\software_project\interior_design\vendor\laravel\framework\src\Illuminate\Container\BoundMethod.php(30): call_user_func_array(Array, Array)
#16 C:\xampp\htdocs\software_project\interior_design\vendor\laravel\framework\src\Illuminate\Container\BoundMethod.php(87): Illuminate\Container\BoundMethod::Illuminate\Container\{closure}()
#17 C:\xampp\htdocs\software_project\interior_design\vendor\laravel\framework\src\Illuminate\Container\BoundMethod.php(31): Illuminate\Container\BoundMethod::callBoundMethod(Object(Illuminate\Foundation\Application), Array, Object(Closure))
#18 C:\xampp\htdocs\software_project\interior_design\vendor\laravel\framework\src\Illuminate\Container\Container.php(539): Illuminate\Container\BoundMethod::call(Object(Illuminate\Foundation\Application), Array, Array, NULL)
#19 C:\xampp\htdocs\software_project\interior_design\vendor\laravel\framework\src\Illuminate\Console\Command.php(182): Illuminate\Container\Container->call(Array)
#20 C:\xampp\htdocs\software_project\interior_design\vendor\symfony\console\Command\Command.php(251): Illuminate\Console\Command->execute(Object(Symfony\Component\Console\Input\ArgvInput), Object(Illuminate\Console\OutputStyle))
#21 C:\xampp\htdocs\software_project\interior_design\vendor\laravel\framework\src\Illuminate\Console\Command.php(168): Symfony\Component\Console\Command\Command->run(Object(Symfony\Component\Console\Input\ArgvInput), Object(Illuminate\Console\OutputStyle))
#22 C:\xampp\htdocs\software_project\interior_design\vendor\symfony\console\Application.php(946): Illuminate\Console\Command->run(Object(Symfony\Component\Console\Input\ArgvInput), Object(Symfony\Component\Console\Output\ConsoleOutput))
#23 C:\xampp\htdocs\software_project\interior_design\vendor\symfony\console\Application.php(248): Symfony\Component\Console\Application->doRunCommand(Object(Illuminate\Database\Console\Migrations\MigrateCommand), Object(Symfony\Component\Console\Input\ArgvInput), Object(Symfony\Component\Console\Output\ConsoleOutput))
#24 C:\xampp\htdocs\software_project\interior_design\vendor\symfony\console\Application.php(148): Symfony\Component\Console\Application->doRun(Object(Symfony\Component\Console\Input\ArgvInput), Object(Symfony\Component\Console\Output\ConsoleOutput))
#25 C:\xampp\htdocs\software_project\interior_design\vendor\laravel\framework\src\Illuminate\Foundation\Console\Kernel.php(122): Symfony\Component\Console\Application->run(Object(Symfony\Component\Console\Input\ArgvInput), Object(Symfony\Component\Console\Output\ConsoleOutput))
#26 C:\xampp\htdocs\software_project\interior_design\artisan(36): Illuminate\Foundation\Console\Kernel->handle(Object(Symfony\Component\Console\Input\ArgvInput), Object(Symfony\Component\Console\Output\ConsoleOutput))
#27 {main}  
[2018-08-01 19:24:10] local.ERROR: exception 'ReflectionException' with message 'Class UsersTableSeeder does not exist' in C:\xampp\htdocs\software_project\interior_design\vendor\laravel\framework\src\Illuminate\Container\Container.php:729
Stack trace:
#0 C:\xampp\htdocs\software_project\interior_design\vendor\laravel\framework\src\Illuminate\Container\Container.php(729): ReflectionClass->__construct('UsersTableSeede...')
#1 C:\xampp\htdocs\software_project\interior_design\vendor\laravel\framework\src\Illuminate\Container\Container.php(608): Illuminate\Container\Container->build('UsersTableSeede...')
#2 C:\xampp\htdocs\software_project\interior_design\vendor\laravel\framework\src\Illuminate\Container\Container.php(575): Illuminate\Container\Container->resolve('UsersTableSeede...')
#3 C:\xampp\htdocs\software_project\interior_design\vendor\laravel\framework\src\Illuminate\Foundation\Application.php(728): Illuminate\Container\Container->make('UsersTableSeede...')
#4 C:\xampp\htdocs\software_project\interior_design\vendor\laravel\framework\src\Illuminate\Database\Seeder.php(60): Illuminate\Foundation\Application->make('UsersTableSeede...')
#5 C:\xampp\htdocs\software_project\interior_design\vendor\laravel\framework\src\Illuminate\Database\Seeder.php(37): Illuminate\Database\Seeder->resolve('UsersTableSeede...')
#6 C:\xampp\htdocs\software_project\interior_design\database\seeds\DatabaseSeeder.php(15): Illuminate\Database\Seeder->call('UsersTableSeede...')
#7 [internal function]: DatabaseSeeder->run()
#8 C:\xampp\htdocs\software_project\interior_design\vendor\laravel\framework\src\Illuminate\Container\BoundMethod.php(30): call_user_func_array(Array, Array)
#9 C:\xampp\htdocs\software_project\interior_design\vendor\laravel\framework\src\Illuminate\Container\BoundMethod.php(87): Illuminate\Container\BoundMethod::Illuminate\Container\{closure}()
#10 C:\xampp\htdocs\software_project\interior_design\vendor\laravel\framework\src\Illuminate\Container\BoundMethod.php(31): Illuminate\Container\BoundMethod::callBoundMethod(Object(Illuminate\Foundation\Application), Array, Object(Closure))
#11 C:\xampp\htdocs\software_project\interior_design\vendor\laravel\framework\src\Illuminate\Container\Container.php(539): Illuminate\Container\BoundMethod::call(Object(Illuminate\Foundation\Application), Array, Array, NULL)
#12 C:\xampp\htdocs\software_project\interior_design\vendor\laravel\framework\src\Illuminate\Database\Seeder.php(114): Illuminate\Container\Container->call(Array)
#13 C:\xampp\htdocs\software_project\interior_design\vendor\laravel\framework\src\Illuminate\Database\Console\Seeds\SeedCommand.php(63): Illuminate\Database\Seeder->__invoke()
#14 C:\xampp\htdocs\software_project\interior_design\vendor\laravel\framework\src\Illuminate\Database\Eloquent\Concerns\GuardsAttributes.php(122): Illuminate\Database\Console\Seeds\SeedCommand->Illuminate\Database\Console\Seeds\{closure}()
#15 C:\xampp\htdocs\software_project\interior_design\vendor\laravel\framework\src\Illuminate\Database\Console\Seeds\SeedCommand.php(64): Illuminate\Database\Eloquent\Model::unguarded(Object(Closure))
#16 [internal function]: Illuminate\Database\Console\Seeds\SeedCommand->fire()
#17 C:\xampp\htdocs\software_project\interior_design\vendor\laravel\framework\src\Illuminate\Container\BoundMethod.php(30): call_user_func_array(Array, Array)
#18 C:\xampp\htdocs\software_project\interior_design\vendor\laravel\framework\src\Illuminate\Container\BoundMethod.php(87): Illuminate\Container\BoundMethod::Illuminate\Container\{closure}()
#19 C:\xampp\htdocs\software_project\interior_design\vendor\laravel\framework\src\Illuminate\Container\BoundMethod.php(31): Illuminate\Container\BoundMethod::callBoundMethod(Object(Illuminate\Foundation\Application), Array, Object(Closure))
#20 C:\xampp\htdocs\software_project\interior_design\vendor\laravel\framework\src\Illuminate\Container\Container.php(539): Illuminate\Container\BoundMethod::call(Object(Illuminate\Foundation\Application), Array, Array, NULL)
#21 C:\xampp\htdocs\software_project\interior_design\vendor\laravel\framework\src\Illuminate\Console\Command.php(182): Illuminate\Container\Container->call(Array)
#22 C:\xampp\htdocs\software_project\interior_design\vendor\symfony\console\Command\Command.php(251): Illuminate\Console\Command->execute(Object(Symfony\Component\Console\Input\ArgvInput), Object(Illuminate\Console\OutputStyle))
#23 C:\xampp\htdocs\software_project\interior_design\vendor\laravel\framework\src\Illuminate\Console\Command.php(168): Symfony\Component\Console\Command\Command->run(Object(Symfony\Component\Console\Input\ArgvInput), Object(Illuminate\Console\OutputStyle))
#24 C:\xampp\htdocs\software_project\interior_design\vendor\symfony\console\Application.php(946): Illuminate\Console\Command->run(Object(Symfony\Component\Console\Input\ArgvInput), Object(Symfony\Component\Console\Output\ConsoleOutput))
#25 C:\xampp\htdocs\software_project\interior_design\vendor\symfony\console\Application.php(248): Symfony\Component\Console\Application->doRunCommand(Object(Illuminate\Database\Console\Seeds\SeedCommand), Object(Symfony\Component\Console\Input\ArgvInput), Object(Symfony\Component\Console\Output\ConsoleOutput))
#26 C:\xampp\htdocs\software_project\interior_design\vendor\symfony\console\Application.php(148): Symfony\Component\Console\Application->doRun(Object(Symfony\Component\Console\Input\ArgvInput), Object(Symfony\Component\Console\Output\ConsoleOutput))
#27 C:\xampp\htdocs\software_project\interior_design\vendor\laravel\framework\src\Illuminate\Foundation\Console\Kernel.php(122): Symfony\Component\Console\Application->run(Object(Symfony\Component\Console\Input\ArgvInput), Object(Symfony\Component\Console\Output\ConsoleOutput))
#28 C:\xampp\htdocs\software_project\interior_design\artisan(36): Illuminate\Foundation\Console\Kernel->handle(Object(Symfony\Component\Console\Input\ArgvInput), Object(Symfony\Component\Console\Output\ConsoleOutput))
#29 {main}  
[2018-08-01 19:26:23] local.ERROR: exception 'ReflectionException' with message 'Class UsersTableSeeder does not exist' in C:\xampp\htdocs\software_project\interior_design\vendor\laravel\framework\src\Illuminate\Container\Container.php:729
Stack trace:
#0 C:\xampp\htdocs\software_project\interior_design\vendor\laravel\framework\src\Illuminate\Container\Container.php(729): ReflectionClass->__construct('UsersTableSeede...')
#1 C:\xampp\htdocs\software_project\interior_design\vendor\laravel\framework\src\Illuminate\Container\Container.php(608): Illuminate\Container\Container->build('UsersTableSeede...')
#2 C:\xampp\htdocs\software_project\interior_design\vendor\laravel\framework\src\Illuminate\Container\Container.php(575): Illuminate\Container\Container->resolve('UsersTableSeede...')
#3 C:\xampp\htdocs\software_project\interior_design\vendor\laravel\framework\src\Illuminate\Foundation\Application.php(728): Illuminate\Container\Container->make('UsersTableSeede...')
#4 C:\xampp\htdocs\software_project\interior_design\vendor\laravel\framework\src\Illuminate\Database\Seeder.php(60): Illuminate\Foundation\Application->make('UsersTableSeede...')
#5 C:\xampp\htdocs\software_project\interior_design\vendor\laravel\framework\src\Illuminate\Database\Seeder.php(37): Illuminate\Database\Seeder->resolve('UsersTableSeede...')
#6 C:\xampp\htdocs\software_project\interior_design\database\seeds\DatabaseSeeder.php(15): Illuminate\Database\Seeder->call('UsersTableSeede...')
#7 [internal function]: DatabaseSeeder->run()
#8 C:\xampp\htdocs\software_project\interior_design\vendor\laravel\framework\src\Illuminate\Container\BoundMethod.php(30): call_user_func_array(Array, Array)
#9 C:\xampp\htdocs\software_project\interior_design\vendor\laravel\framework\src\Illuminate\Container\BoundMethod.php(87): Illuminate\Container\BoundMethod::Illuminate\Container\{closure}()
#10 C:\xampp\htdocs\software_project\interior_design\vendor\laravel\framework\src\Illuminate\Container\BoundMethod.php(31): Illuminate\Container\BoundMethod::callBoundMethod(Object(Illuminate\Foundation\Application), Array, Object(Closure))
#11 C:\xampp\htdocs\software_project\interior_design\vendor\laravel\framework\src\Illuminate\Container\Container.php(539): Illuminate\Container\BoundMethod::call(Object(Illuminate\Foundation\Application), Array, Array, NULL)
#12 C:\xampp\htdocs\software_project\interior_design\vendor\laravel\framework\src\Illuminate\Database\Seeder.php(114): Illuminate\Container\Container->call(Array)
#13 C:\xampp\htdocs\software_project\interior_design\vendor\laravel\framework\src\Illuminate\Database\Console\Seeds\SeedCommand.php(63): Illuminate\Database\Seeder->__invoke()
#14 C:\xampp\htdocs\software_project\interior_design\vendor\laravel\framework\src\Illuminate\Database\Eloquent\Concerns\GuardsAttributes.php(122): Illuminate\Database\Console\Seeds\SeedCommand->Illuminate\Database\Console\Seeds\{closure}()
#15 C:\xampp\htdocs\software_project\interior_design\vendor\laravel\framework\src\Illuminate\Database\Console\Seeds\SeedCommand.php(64): Illuminate\Database\Eloquent\Model::unguarded(Object(Closure))
#16 [internal function]: Illuminate\Database\Console\Seeds\SeedCommand->fire()
#17 C:\xampp\htdocs\software_project\interior_design\vendor\laravel\framework\src\Illuminate\Container\BoundMethod.php(30): call_user_func_array(Array, Array)
#18 C:\xampp\htdocs\software_project\interior_design\vendor\laravel\framework\src\Illuminate\Container\BoundMethod.php(87): Illuminate\Container\BoundMethod::Illuminate\Container\{closure}()
#19 C:\xampp\htdocs\software_project\interior_design\vendor\laravel\framework\src\Illuminate\Container\BoundMethod.php(31): Illuminate\Container\BoundMethod::callBoundMethod(Object(Illuminate\Foundation\Application), Array, Object(Closure))
#20 C:\xampp\htdocs\software_project\interior_design\vendor\laravel\framework\src\Illuminate\Container\Container.php(539): Illuminate\Container\BoundMethod::call(Object(Illuminate\Foundation\Application), Array, Array, NULL)
#21 C:\xampp\htdocs\software_project\interior_design\vendor\laravel\framework\src\Illuminate\Console\Command.php(182): Illuminate\Container\Container->call(Array)
#22 C:\xampp\htdocs\software_project\interior_design\vendor\symfony\console\Command\Command.php(251): Illuminate\Console\Command->execute(Object(Symfony\Component\Console\Input\ArgvInput), Object(Illuminate\Console\OutputStyle))
#23 C:\xampp\htdocs\software_project\interior_design\vendor\laravel\framework\src\Illuminate\Console\Command.php(168): Symfony\Component\Console\Command\Command->run(Object(Symfony\Component\Console\Input\ArgvInput), Object(Illuminate\Console\OutputStyle))
#24 C:\xampp\htdocs\software_project\interior_design\vendor\symfony\console\Application.php(946): Illuminate\Console\Command->run(Object(Symfony\Component\Console\Input\ArgvInput), Object(Symfony\Component\Console\Output\ConsoleOutput))
#25 C:\xampp\htdocs\software_project\interior_design\vendor\symfony\console\Application.php(248): Symfony\Component\Console\Application->doRunCommand(Object(Illuminate\Database\Console\Seeds\SeedCommand), Object(Symfony\Component\Console\Input\ArgvInput), Object(Symfony\Component\Console\Output\ConsoleOutput))
#26 C:\xampp\htdocs\software_project\interior_design\vendor\symfony\console\Application.php(148): Symfony\Component\Console\Application->doRun(Object(Symfony\Component\Console\Input\ArgvInput), Object(Symfony\Component\Console\Output\ConsoleOutput))
#27 C:\xampp\htdocs\software_project\interior_design\vendor\laravel\framework\src\Illuminate\Foundation\Console\Kernel.php(122): Symfony\Component\Console\Application->run(Object(Symfony\Component\Console\Input\ArgvInput), Object(Symfony\Component\Console\Output\ConsoleOutput))
#28 C:\xampp\htdocs\software_project\interior_design\artisan(36): Illuminate\Foundation\Console\Kernel->handle(Object(Symfony\Component\Console\Input\ArgvInput), Object(Symfony\Component\Console\Output\ConsoleOutput))
#29 {main}  
[2018-08-01 19:41:44] local.ERROR: exception 'PDOException' with message 'SQLSTATE[42S01]: Base table or view already exists: 1050 Table 'users' already exists' in C:\xampp\htdocs\software_project\interior_design\vendor\laravel\framework\src\Illuminate\Database\Connection.php:449
Stack trace:
#0 C:\xampp\htdocs\software_project\interior_design\vendor\laravel\framework\src\Illuminate\Database\Connection.php(449): PDOStatement->execute()
#1 C:\xampp\htdocs\software_project\interior_design\vendor\laravel\framework\src\Illuminate\Database\Connection.php(640): Illuminate\Database\Connection->Illuminate\Database\{closure}('create table `u...', Array)
#2 C:\xampp\htdocs\software_project\interior_design\vendor\laravel\framework\src\Illuminate\Database\Connection.php(607): Illuminate\Database\Connection->runQueryCallback('create table `u...', Array, Object(Closure))
#3 C:\xampp\htdocs\software_project\interior_design\vendor\laravel\framework\src\Illuminate\Database\Connection.php(450): Illuminate\Database\Connection->run('create table `u...', Array, Object(Closure))
#4 C:\xampp\htdocs\software_project\interior_design\vendor\laravel\framework\src\Illuminate\Database\Schema\Blueprint.php(86): Illuminate\Database\Connection->statement('create table `u...')
#5 C:\xampp\htdocs\software_project\interior_design\vendor\laravel\framework\src\Illuminate\Database\Schema\Builder.php(239): Illuminate\Database\Schema\Blueprint->build(Object(Illuminate\Database\MySqlConnection), Object(Illuminate\Database\Schema\Grammars\MySqlGrammar))
#6 C:\xampp\htdocs\software_project\interior_design\vendor\laravel\framework\src\Illuminate\Database\Schema\Builder.php(164): Illuminate\Database\Schema\Builder->build(Object(Illuminate\Database\Schema\Blueprint))
#7 C:\xampp\htdocs\software_project\interior_design\vendor\laravel\framework\src\Illuminate\Support\Facades\Facade.php(221): Illuminate\Database\Schema\Builder->create('users', Object(Closure))
#8 C:\xampp\htdocs\software_project\interior_design\database\migrations\2014_10_12_000000_create_users_table.php(23): Illuminate\Support\Facades\Facade::__callStatic('create', Array)
#9 C:\xampp\htdocs\software_project\interior_design\database\migrations\2014_10_12_000000_create_users_table.php(23): Illuminate\Support\Facades\Schema::create('users', Object(Closure))
#10 C:\xampp\htdocs\software_project\interior_design\vendor\laravel\framework\src\Illuminate\Database\Migrations\Migrator.php(359): CreateUsersTable->up()
#11 C:\xampp\htdocs\software_project\interior_design\vendor\laravel\framework\src\Illuminate\Database\Migrations\Migrator.php(365): Illuminate\Database\Migrations\Migrator->Illuminate\Database\Migrations\{closure}()
#12 C:\xampp\htdocs\software_project\interior_design\vendor\laravel\framework\src\Illuminate\Database\Migrations\Migrator.php(177): Illuminate\Database\Migrations\Migrator->runMigration(Object(CreateUsersTable), 'up')
#13 C:\xampp\htdocs\software_project\interior_design\vendor\laravel\framework\src\Illuminate\Database\Migrations\Migrator.php(146): Illuminate\Database\Migrations\Migrator->runUp('C:\\xampp\\htdocs...', 1, false)
#14 C:\xampp\htdocs\software_project\interior_design\vendor\laravel\framework\src\Illuminate\Database\Migrations\Migrator.php(95): Illuminate\Database\Migrations\Migrator->runPending(Array, Array)
#15 C:\xampp\htdocs\software_project\interior_design\vendor\laravel\framework\src\Illuminate\Database\Console\Migrations\MigrateCommand.php(70): Illuminate\Database\Migrations\Migrator->run(Array, Array)
#16 [internal function]: Illuminate\Database\Console\Migrations\MigrateCommand->fire()
#17 C:\xampp\htdocs\software_project\interior_design\vendor\laravel\framework\src\Illuminate\Container\BoundMethod.php(30): call_user_func_array(Array, Array)
#18 C:\xampp\htdocs\software_project\interior_design\vendor\laravel\framework\src\Illuminate\Container\BoundMethod.php(87): Illuminate\Container\BoundMethod::Illuminate\Container\{closure}()
#19 C:\xampp\htdocs\software_project\interior_design\vendor\laravel\framework\src\Illuminate\Container\BoundMethod.php(31): Illuminate\Container\BoundMethod::callBoundMethod(Object(Illuminate\Foundation\Application), Array, Object(Closure))
#20 C:\xampp\htdocs\software_project\interior_design\vendor\laravel\framework\src\Illuminate\Container\Container.php(539): Illuminate\Container\BoundMethod::call(Object(Illuminate\Foundation\Application), Array, Array, NULL)
#21 C:\xampp\htdocs\software_project\interior_design\vendor\laravel\framework\src\Illuminate\Console\Command.php(182): Illuminate\Container\Container->call(Array)
#22 C:\xampp\htdocs\software_project\interior_design\vendor\symfony\console\Command\Command.php(251): Illuminate\Console\Command->execute(Object(Symfony\Component\Console\Input\ArgvInput), Object(Illuminate\Console\OutputStyle))
#23 C:\xampp\htdocs\software_project\interior_design\vendor\laravel\framework\src\Illuminate\Console\Command.php(168): Symfony\Component\Console\Command\Command->run(Object(Symfony\Component\Console\Input\ArgvInput), Object(Illuminate\Console\OutputStyle))
#24 C:\xampp\htdocs\software_project\interior_design\vendor\symfony\console\Application.php(946): Illuminate\Console\Command->run(Object(Symfony\Component\Console\Input\ArgvInput), Object(Symfony\Component\Console\Output\ConsoleOutput))
#25 C:\xampp\htdocs\software_project\interior_design\vendor\symfony\console\Application.php(248): Symfony\Component\Console\Application->doRunCommand(Object(Illuminate\Database\Console\Migrations\MigrateCommand), Object(Symfony\Component\Console\Input\ArgvInput), Object(Symfony\Component\Console\Output\ConsoleOutput))
#26 C:\xampp\htdocs\software_project\interior_design\vendor\symfony\console\Application.php(148): Symfony\Component\Console\Application->doRun(Object(Symfony\Component\Console\Input\ArgvInput), Object(Symfony\Component\Console\Output\ConsoleOutput))
#27 C:\xampp\htdocs\software_project\interior_design\vendor\laravel\framework\src\Illuminate\Foundation\Console\Kernel.php(122): Symfony\Component\Console\Application->run(Object(Symfony\Component\Console\Input\ArgvInput), Object(Symfony\Component\Console\Output\ConsoleOutput))
#28 C:\xampp\htdocs\software_project\interior_design\artisan(36): Illuminate\Foundation\Console\Kernel->handle(Object(Symfony\Component\Console\Input\ArgvInput), Object(Symfony\Component\Console\Output\ConsoleOutput))
#29 {main}

Next exception 'Illuminate\Database\QueryException' with message 'SQLSTATE[42S01]: Base table or view already exists: 1050 Table 'users' already exists (SQL: create table `users` (`id` int unsigned not null auto_increment primary key, `name` varchar(255) not null, `email` varchar(255) not null, `password` varchar(255) not null, `remember_token` varchar(100) null, `created_at` timestamp null, `updated_at` timestamp null) default character set utf8mb4 collate utf8mb4_unicode_ci)' in C:\xampp\htdocs\software_project\interior_design\vendor\laravel\framework\src\Illuminate\Database\Connection.php:647
Stack trace:
#0 C:\xampp\htdocs\software_project\interior_design\vendor\laravel\framework\src\Illuminate\Database\Connection.php(607): Illuminate\Database\Connection->runQueryCallback('create table `u...', Array, Object(Closure))
#1 C:\xampp\htdocs\software_project\interior_design\vendor\laravel\framework\src\Illuminate\Database\Connection.php(450): Illuminate\Database\Connection->run('create table `u...', Array, Object(Closure))
#2 C:\xampp\htdocs\software_project\interior_design\vendor\laravel\framework\src\Illuminate\Database\Schema\Blueprint.php(86): Illuminate\Database\Connection->statement('create table `u...')
#3 C:\xampp\htdocs\software_project\interior_design\vendor\laravel\framework\src\Illuminate\Database\Schema\Builder.php(239): Illuminate\Database\Schema\Blueprint->build(Object(Illuminate\Database\MySqlConnection), Object(Illuminate\Database\Schema\Grammars\MySqlGrammar))
#4 C:\xampp\htdocs\software_project\interior_design\vendor\laravel\framework\src\Illuminate\Database\Schema\Builder.php(164): Illuminate\Database\Schema\Builder->build(Object(Illuminate\Database\Schema\Blueprint))
#5 C:\xampp\htdocs\software_project\interior_design\vendor\laravel\framework\src\Illuminate\Support\Facades\Facade.php(221): Illuminate\Database\Schema\Builder->create('users', Object(Closure))
#6 C:\xampp\htdocs\software_project\interior_design\database\migrations\2014_10_12_000000_create_users_table.php(23): Illuminate\Support\Facades\Facade::__callStatic('create', Array)
#7 C:\xampp\htdocs\software_project\interior_design\database\migrations\2014_10_12_000000_create_users_table.php(23): Illuminate\Support\Facades\Schema::create('users', Object(Closure))
#8 C:\xampp\htdocs\software_project\interior_design\vendor\laravel\framework\src\Illuminate\Database\Migrations\Migrator.php(359): CreateUsersTable->up()
#9 C:\xampp\htdocs\software_project\interior_design\vendor\laravel\framework\src\Illuminate\Database\Migrations\Migrator.php(365): Illuminate\Database\Migrations\Migrator->Illuminate\Database\Migrations\{closure}()
#10 C:\xampp\htdocs\software_project\interior_design\vendor\laravel\framework\src\Illuminate\Database\Migrations\Migrator.php(177): Illuminate\Database\Migrations\Migrator->runMigration(Object(CreateUsersTable), 'up')
#11 C:\xampp\htdocs\software_project\interior_design\vendor\laravel\framework\src\Illuminate\Database\Migrations\Migrator.php(146): Illuminate\Database\Migrations\Migrator->runUp('C:\\xampp\\htdocs...', 1, false)
#12 C:\xampp\htdocs\software_project\interior_design\vendor\laravel\framework\src\Illuminate\Database\Migrations\Migrator.php(95): Illuminate\Database\Migrations\Migrator->runPending(Array, Array)
#13 C:\xampp\htdocs\software_project\interior_design\vendor\laravel\framework\src\Illuminate\Database\Console\Migrations\MigrateCommand.php(70): Illuminate\Database\Migrations\Migrator->run(Array, Array)
#14 [internal function]: Illuminate\Database\Console\Migrations\MigrateCommand->fire()
#15 C:\xampp\htdocs\software_project\interior_design\vendor\laravel\framework\src\Illuminate\Container\BoundMethod.php(30): call_user_func_array(Array, Array)
#16 C:\xampp\htdocs\software_project\interior_design\vendor\laravel\framework\src\Illuminate\Container\BoundMethod.php(87): Illuminate\Container\BoundMethod::Illuminate\Container\{closure}()
#17 C:\xampp\htdocs\software_project\interior_design\vendor\laravel\framework\src\Illuminate\Container\BoundMethod.php(31): Illuminate\Container\BoundMethod::callBoundMethod(Object(Illuminate\Foundation\Application), Array, Object(Closure))
#18 C:\xampp\htdocs\software_project\interior_design\vendor\laravel\framework\src\Illuminate\Container\Container.php(539): Illuminate\Container\BoundMethod::call(Object(Illuminate\Foundation\Application), Array, Array, NULL)
#19 C:\xampp\htdocs\software_project\interior_design\vendor\laravel\framework\src\Illuminate\Console\Command.php(182): Illuminate\Container\Container->call(Array)
#20 C:\xampp\htdocs\software_project\interior_design\vendor\symfony\console\Command\Command.php(251): Illuminate\Console\Command->execute(Object(Symfony\Component\Console\Input\ArgvInput), Object(Illuminate\Console\OutputStyle))
#21 C:\xampp\htdocs\software_project\interior_design\vendor\laravel\framework\src\Illuminate\Console\Command.php(168): Symfony\Component\Console\Command\Command->run(Object(Symfony\Component\Console\Input\ArgvInput), Object(Illuminate\Console\OutputStyle))
#22 C:\xampp\htdocs\software_project\interior_design\vendor\symfony\console\Application.php(946): Illuminate\Console\Command->run(Object(Symfony\Component\Console\Input\ArgvInput), Object(Symfony\Component\Console\Output\ConsoleOutput))
#23 C:\xampp\htdocs\software_project\interior_design\vendor\symfony\console\Application.php(248): Symfony\Component\Console\Application->doRunCommand(Object(Illuminate\Database\Console\Migrations\MigrateCommand), Object(Symfony\Component\Console\Input\ArgvInput), Object(Symfony\Component\Console\Output\ConsoleOutput))
#24 C:\xampp\htdocs\software_project\interior_design\vendor\symfony\console\Application.php(148): Symfony\Component\Console\Application->doRun(Object(Symfony\Component\Console\Input\ArgvInput), Object(Symfony\Component\Console\Output\ConsoleOutput))
#25 C:\xampp\htdocs\software_project\interior_design\vendor\laravel\framework\src\Illuminate\Foundation\Console\Kernel.php(122): Symfony\Component\Console\Application->run(Object(Symfony\Component\Console\Input\ArgvInput), Object(Symfony\Component\Console\Output\ConsoleOutput))
#26 C:\xampp\htdocs\software_project\interior_design\artisan(36): Illuminate\Foundation\Console\Kernel->handle(Object(Symfony\Component\Console\Input\ArgvInput), Object(Symfony\Component\Console\Output\ConsoleOutput))
#27 {main}  
[2018-08-01 19:42:42] local.ERROR: exception 'ReflectionException' with message 'Class UsersTableSeeder does not exist' in C:\xampp\htdocs\software_project\interior_design\vendor\laravel\framework\src\Illuminate\Container\Container.php:729
Stack trace:
#0 C:\xampp\htdocs\software_project\interior_design\vendor\laravel\framework\src\Illuminate\Container\Container.php(729): ReflectionClass->__construct('UsersTableSeede...')
#1 C:\xampp\htdocs\software_project\interior_design\vendor\laravel\framework\src\Illuminate\Container\Container.php(608): Illuminate\Container\Container->build('UsersTableSeede...')
#2 C:\xampp\htdocs\software_project\interior_design\vendor\laravel\framework\src\Illuminate\Container\Container.php(575): Illuminate\Container\Container->resolve('UsersTableSeede...')
#3 C:\xampp\htdocs\software_project\interior_design\vendor\laravel\framework\src\Illuminate\Foundation\Application.php(728): Illuminate\Container\Container->make('UsersTableSeede...')
#4 C:\xampp\htdocs\software_project\interior_design\vendor\laravel\framework\src\Illuminate\Database\Seeder.php(60): Illuminate\Foundation\Application->make('UsersTableSeede...')
#5 C:\xampp\htdocs\software_project\interior_design\vendor\laravel\framework\src\Illuminate\Database\Seeder.php(37): Illuminate\Database\Seeder->resolve('UsersTableSeede...')
#6 C:\xampp\htdocs\software_project\interior_design\database\seeds\DatabaseSeeder.php(15): Illuminate\Database\Seeder->call('UsersTableSeede...')
#7 [internal function]: DatabaseSeeder->run()
#8 C:\xampp\htdocs\software_project\interior_design\vendor\laravel\framework\src\Illuminate\Container\BoundMethod.php(30): call_user_func_array(Array, Array)
#9 C:\xampp\htdocs\software_project\interior_design\vendor\laravel\framework\src\Illuminate\Container\BoundMethod.php(87): Illuminate\Container\BoundMethod::Illuminate\Container\{closure}()
#10 C:\xampp\htdocs\software_project\interior_design\vendor\laravel\framework\src\Illuminate\Container\BoundMethod.php(31): Illuminate\Container\BoundMethod::callBoundMethod(Object(Illuminate\Foundation\Application), Array, Object(Closure))
#11 C:\xampp\htdocs\software_project\interior_design\vendor\laravel\framework\src\Illuminate\Container\Container.php(539): Illuminate\Container\BoundMethod::call(Object(Illuminate\Foundation\Application), Array, Array, NULL)
#12 C:\xampp\htdocs\software_project\interior_design\vendor\laravel\framework\src\Illuminate\Database\Seeder.php(114): Illuminate\Container\Container->call(Array)
#13 C:\xampp\htdocs\software_project\interior_design\vendor\laravel\framework\src\Illuminate\Database\Console\Seeds\SeedCommand.php(63): Illuminate\Database\Seeder->__invoke()
#14 C:\xampp\htdocs\software_project\interior_design\vendor\laravel\framework\src\Illuminate\Database\Eloquent\Concerns\GuardsAttributes.php(122): Illuminate\Database\Console\Seeds\SeedCommand->Illuminate\Database\Console\Seeds\{closure}()
#15 C:\xampp\htdocs\software_project\interior_design\vendor\laravel\framework\src\Illuminate\Database\Console\Seeds\SeedCommand.php(64): Illuminate\Database\Eloquent\Model::unguarded(Object(Closure))
#16 [internal function]: Illuminate\Database\Console\Seeds\SeedCommand->fire()
#17 C:\xampp\htdocs\software_project\interior_design\vendor\laravel\framework\src\Illuminate\Container\BoundMethod.php(30): call_user_func_array(Array, Array)
#18 C:\xampp\htdocs\software_project\interior_design\vendor\laravel\framework\src\Illuminate\Container\BoundMethod.php(87): Illuminate\Container\BoundMethod::Illuminate\Container\{closure}()
#19 C:\xampp\htdocs\software_project\interior_design\vendor\laravel\framework\src\Illuminate\Container\BoundMethod.php(31): Illuminate\Container\BoundMethod::callBoundMethod(Object(Illuminate\Foundation\Application), Array, Object(Closure))
#20 C:\xampp\htdocs\software_project\interior_design\vendor\laravel\framework\src\Illuminate\Container\Container.php(539): Illuminate\Container\BoundMethod::call(Object(Illuminate\Foundation\Application), Array, Array, NULL)
#21 C:\xampp\htdocs\software_project\interior_design\vendor\laravel\framework\src\Illuminate\Console\Command.php(182): Illuminate\Container\Container->call(Array)
#22 C:\xampp\htdocs\software_project\interior_design\vendor\symfony\console\Command\Command.php(251): Illuminate\Console\Command->execute(Object(Symfony\Component\Console\Input\ArgvInput), Object(Illuminate\Console\OutputStyle))
#23 C:\xampp\htdocs\software_project\interior_design\vendor\laravel\framework\src\Illuminate\Console\Command.php(168): Symfony\Component\Console\Command\Command->run(Object(Symfony\Component\Console\Input\ArgvInput), Object(Illuminate\Console\OutputStyle))
#24 C:\xampp\htdocs\software_project\interior_design\vendor\symfony\console\Application.php(946): Illuminate\Console\Command->run(Object(Symfony\Component\Console\Input\ArgvInput), Object(Symfony\Component\Console\Output\ConsoleOutput))
#25 C:\xampp\htdocs\software_project\interior_design\vendor\symfony\console\Application.php(248): Symfony\Component\Console\Application->doRunCommand(Object(Illuminate\Database\Console\Seeds\SeedCommand), Object(Symfony\Component\Console\Input\ArgvInput), Object(Symfony\Component\Console\Output\ConsoleOutput))
#26 C:\xampp\htdocs\software_project\interior_design\vendor\symfony\console\Application.php(148): Symfony\Component\Console\Application->doRun(Object(Symfony\Component\Console\Input\ArgvInput), Object(Symfony\Component\Console\Output\ConsoleOutput))
#27 C:\xampp\htdocs\software_project\interior_design\vendor\laravel\framework\src\Illuminate\Foundation\Console\Kernel.php(122): Symfony\Component\Console\Application->run(Object(Symfony\Component\Console\Input\ArgvInput), Object(Symfony\Component\Console\Output\ConsoleOutput))
#28 C:\xampp\htdocs\software_project\interior_design\artisan(36): Illuminate\Foundation\Console\Kernel->handle(Object(Symfony\Component\Console\Input\ArgvInput), Object(Symfony\Component\Console\Output\ConsoleOutput))
#29 {main}  
[2018-08-01 19:50:44] local.ERROR: exception 'PDOException' with message 'SQLSTATE[42S01]: Base table or view already exists: 1050 Table 'users' already exists' in C:\xampp\htdocs\software_project\interior_design\vendor\laravel\framework\src\Illuminate\Database\Connection.php:449
Stack trace:
#0 C:\xampp\htdocs\software_project\interior_design\vendor\laravel\framework\src\Illuminate\Database\Connection.php(449): PDOStatement->execute()
#1 C:\xampp\htdocs\software_project\interior_design\vendor\laravel\framework\src\Illuminate\Database\Connection.php(640): Illuminate\Database\Connection->Illuminate\Database\{closure}('create table `u...', Array)
#2 C:\xampp\htdocs\software_project\interior_design\vendor\laravel\framework\src\Illuminate\Database\Connection.php(607): Illuminate\Database\Connection->runQueryCallback('create table `u...', Array, Object(Closure))
#3 C:\xampp\htdocs\software_project\interior_design\vendor\laravel\framework\src\Illuminate\Database\Connection.php(450): Illuminate\Database\Connection->run('create table `u...', Array, Object(Closure))
#4 C:\xampp\htdocs\software_project\interior_design\vendor\laravel\framework\src\Illuminate\Database\Schema\Blueprint.php(86): Illuminate\Database\Connection->statement('create table `u...')
#5 C:\xampp\htdocs\software_project\interior_design\vendor\laravel\framework\src\Illuminate\Database\Schema\Builder.php(239): Illuminate\Database\Schema\Blueprint->build(Object(Illuminate\Database\MySqlConnection), Object(Illuminate\Database\Schema\Grammars\MySqlGrammar))
#6 C:\xampp\htdocs\software_project\interior_design\vendor\laravel\framework\src\Illuminate\Database\Schema\Builder.php(164): Illuminate\Database\Schema\Builder->build(Object(Illuminate\Database\Schema\Blueprint))
#7 C:\xampp\htdocs\software_project\interior_design\vendor\laravel\framework\src\Illuminate\Support\Facades\Facade.php(221): Illuminate\Database\Schema\Builder->create('users', Object(Closure))
#8 C:\xampp\htdocs\software_project\interior_design\database\migrations\2014_10_12_000000_create_users_table.php(23): Illuminate\Support\Facades\Facade::__callStatic('create', Array)
#9 C:\xampp\htdocs\software_project\interior_design\database\migrations\2014_10_12_000000_create_users_table.php(23): Illuminate\Support\Facades\Schema::create('users', Object(Closure))
#10 C:\xampp\htdocs\software_project\interior_design\vendor\laravel\framework\src\Illuminate\Database\Migrations\Migrator.php(359): CreateUsersTable->up()
#11 C:\xampp\htdocs\software_project\interior_design\vendor\laravel\framework\src\Illuminate\Database\Migrations\Migrator.php(365): Illuminate\Database\Migrations\Migrator->Illuminate\Database\Migrations\{closure}()
#12 C:\xampp\htdocs\software_project\interior_design\vendor\laravel\framework\src\Illuminate\Database\Migrations\Migrator.php(177): Illuminate\Database\Migrations\Migrator->runMigration(Object(CreateUsersTable), 'up')
#13 C:\xampp\htdocs\software_project\interior_design\vendor\laravel\framework\src\Illuminate\Database\Migrations\Migrator.php(146): Illuminate\Database\Migrations\Migrator->runUp('C:\\xampp\\htdocs...', 1, false)
#14 C:\xampp\htdocs\software_project\interior_design\vendor\laravel\framework\src\Illuminate\Database\Migrations\Migrator.php(95): Illuminate\Database\Migrations\Migrator->runPending(Array, Array)
#15 C:\xampp\htdocs\software_project\interior_design\vendor\laravel\framework\src\Illuminate\Database\Console\Migrations\MigrateCommand.php(70): Illuminate\Database\Migrations\Migrator->run(Array, Array)
#16 [internal function]: Illuminate\Database\Console\Migrations\MigrateCommand->fire()
#17 C:\xampp\htdocs\software_project\interior_design\vendor\laravel\framework\src\Illuminate\Container\BoundMethod.php(30): call_user_func_array(Array, Array)
#18 C:\xampp\htdocs\software_project\interior_design\vendor\laravel\framework\src\Illuminate\Container\BoundMethod.php(87): Illuminate\Container\BoundMethod::Illuminate\Container\{closure}()
#19 C:\xampp\htdocs\software_project\interior_design\vendor\laravel\framework\src\Illuminate\Container\BoundMethod.php(31): Illuminate\Container\BoundMethod::callBoundMethod(Object(Illuminate\Foundation\Application), Array, Object(Closure))
#20 C:\xampp\htdocs\software_project\interior_design\vendor\laravel\framework\src\Illuminate\Container\Container.php(539): Illuminate\Container\BoundMethod::call(Object(Illuminate\Foundation\Application), Array, Array, NULL)
#21 C:\xampp\htdocs\software_project\interior_design\vendor\laravel\framework\src\Illuminate\Console\Command.php(182): Illuminate\Container\Container->call(Array)
#22 C:\xampp\htdocs\software_project\interior_design\vendor\symfony\console\Command\Command.php(251): Illuminate\Console\Command->execute(Object(Symfony\Component\Console\Input\ArgvInput), Object(Illuminate\Console\OutputStyle))
#23 C:\xampp\htdocs\software_project\interior_design\vendor\laravel\framework\src\Illuminate\Console\Command.php(168): Symfony\Component\Console\Command\Command->run(Object(Symfony\Component\Console\Input\ArgvInput), Object(Illuminate\Console\OutputStyle))
#24 C:\xampp\htdocs\software_project\interior_design\vendor\symfony\console\Application.php(946): Illuminate\Console\Command->run(Object(Symfony\Component\Console\Input\ArgvInput), Object(Symfony\Component\Console\Output\ConsoleOutput))
#25 C:\xampp\htdocs\software_project\interior_design\vendor\symfony\console\Application.php(248): Symfony\Component\Console\Application->doRunCommand(Object(Illuminate\Database\Console\Migrations\MigrateCommand), Object(Symfony\Component\Console\Input\ArgvInput), Object(Symfony\Component\Console\Output\ConsoleOutput))
#26 C:\xampp\htdocs\software_project\interior_design\vendor\symfony\console\Application.php(148): Symfony\Component\Console\Application->doRun(Object(Symfony\Component\Console\Input\ArgvInput), Object(Symfony\Component\Console\Output\ConsoleOutput))
#27 C:\xampp\htdocs\software_project\interior_design\vendor\laravel\framework\src\Illuminate\Foundation\Console\Kernel.php(122): Symfony\Component\Console\Application->run(Object(Symfony\Component\Console\Input\ArgvInput), Object(Symfony\Component\Console\Output\ConsoleOutput))
#28 C:\xampp\htdocs\software_project\interior_design\artisan(36): Illuminate\Foundation\Console\Kernel->handle(Object(Symfony\Component\Console\Input\ArgvInput), Object(Symfony\Component\Console\Output\ConsoleOutput))
#29 {main}

Next exception 'Illuminate\Database\QueryException' with message 'SQLSTATE[42S01]: Base table or view already exists: 1050 Table 'users' already exists (SQL: create table `users` (`id` int unsigned not null auto_increment primary key, `name` varchar(181) not null, `email` varchar(181) not null, `password` varchar(181) not null, `remember_token` varchar(100) null, `created_at` timestamp null, `updated_at` timestamp null) default character set utf8mb4 collate utf8mb4_unicode_ci)' in C:\xampp\htdocs\software_project\interior_design\vendor\laravel\framework\src\Illuminate\Database\Connection.php:647
Stack trace:
#0 C:\xampp\htdocs\software_project\interior_design\vendor\laravel\framework\src\Illuminate\Database\Connection.php(607): Illuminate\Database\Connection->runQueryCallback('create table `u...', Array, Object(Closure))
#1 C:\xampp\htdocs\software_project\interior_design\vendor\laravel\framework\src\Illuminate\Database\Connection.php(450): Illuminate\Database\Connection->run('create table `u...', Array, Object(Closure))
#2 C:\xampp\htdocs\software_project\interior_design\vendor\laravel\framework\src\Illuminate\Database\Schema\Blueprint.php(86): Illuminate\Database\Connection->statement('create table `u...')
#3 C:\xampp\htdocs\software_project\interior_design\vendor\laravel\framework\src\Illuminate\Database\Schema\Builder.php(239): Illuminate\Database\Schema\Blueprint->build(Object(Illuminate\Database\MySqlConnection), Object(Illuminate\Database\Schema\Grammars\MySqlGrammar))
#4 C:\xampp\htdocs\software_project\interior_design\vendor\laravel\framework\src\Illuminate\Database\Schema\Builder.php(164): Illuminate\Database\Schema\Builder->build(Object(Illuminate\Database\Schema\Blueprint))
#5 C:\xampp\htdocs\software_project\interior_design\vendor\laravel\framework\src\Illuminate\Support\Facades\Facade.php(221): Illuminate\Database\Schema\Builder->create('users', Object(Closure))
#6 C:\xampp\htdocs\software_project\interior_design\database\migrations\2014_10_12_000000_create_users_table.php(23): Illuminate\Support\Facades\Facade::__callStatic('create', Array)
#7 C:\xampp\htdocs\software_project\interior_design\database\migrations\2014_10_12_000000_create_users_table.php(23): Illuminate\Support\Facades\Schema::create('users', Object(Closure))
#8 C:\xampp\htdocs\software_project\interior_design\vendor\laravel\framework\src\Illuminate\Database\Migrations\Migrator.php(359): CreateUsersTable->up()
#9 C:\xampp\htdocs\software_project\interior_design\vendor\laravel\framework\src\Illuminate\Database\Migrations\Migrator.php(365): Illuminate\Database\Migrations\Migrator->Illuminate\Database\Migrations\{closure}()
#10 C:\xampp\htdocs\software_project\interior_design\vendor\laravel\framework\src\Illuminate\Database\Migrations\Migrator.php(177): Illuminate\Database\Migrations\Migrator->runMigration(Object(CreateUsersTable), 'up')
#11 C:\xampp\htdocs\software_project\interior_design\vendor\laravel\framework\src\Illuminate\Database\Migrations\Migrator.php(146): Illuminate\Database\Migrations\Migrator->runUp('C:\\xampp\\htdocs...', 1, false)
#12 C:\xampp\htdocs\software_project\interior_design\vendor\laravel\framework\src\Illuminate\Database\Migrations\Migrator.php(95): Illuminate\Database\Migrations\Migrator->runPending(Array, Array)
#13 C:\xampp\htdocs\software_project\interior_design\vendor\laravel\framework\src\Illuminate\Database\Console\Migrations\MigrateCommand.php(70): Illuminate\Database\Migrations\Migrator->run(Array, Array)
#14 [internal function]: Illuminate\Database\Console\Migrations\MigrateCommand->fire()
#15 C:\xampp\htdocs\software_project\interior_design\vendor\laravel\framework\src\Illuminate\Container\BoundMethod.php(30): call_user_func_array(Array, Array)
#16 C:\xampp\htdocs\software_project\interior_design\vendor\laravel\framework\src\Illuminate\Container\BoundMethod.php(87): Illuminate\Container\BoundMethod::Illuminate\Container\{closure}()
#17 C:\xampp\htdocs\software_project\interior_design\vendor\laravel\framework\src\Illuminate\Container\BoundMethod.php(31): Illuminate\Container\BoundMethod::callBoundMethod(Object(Illuminate\Foundation\Application), Array, Object(Closure))
#18 C:\xampp\htdocs\software_project\interior_design\vendor\laravel\framework\src\Illuminate\Container\Container.php(539): Illuminate\Container\BoundMethod::call(Object(Illuminate\Foundation\Application), Array, Array, NULL)
#19 C:\xampp\htdocs\software_project\interior_design\vendor\laravel\framework\src\Illuminate\Console\Command.php(182): Illuminate\Container\Container->call(Array)
#20 C:\xampp\htdocs\software_project\interior_design\vendor\symfony\console\Command\Command.php(251): Illuminate\Console\Command->execute(Object(Symfony\Component\Console\Input\ArgvInput), Object(Illuminate\Console\OutputStyle))
#21 C:\xampp\htdocs\software_project\interior_design\vendor\laravel\framework\src\Illuminate\Console\Command.php(168): Symfony\Component\Console\Command\Command->run(Object(Symfony\Component\Console\Input\ArgvInput), Object(Illuminate\Console\OutputStyle))
#22 C:\xampp\htdocs\software_project\interior_design\vendor\symfony\console\Application.php(946): Illuminate\Console\Command->run(Object(Symfony\Component\Console\Input\ArgvInput), Object(Symfony\Component\Console\Output\ConsoleOutput))
#23 C:\xampp\htdocs\software_project\interior_design\vendor\symfony\console\Application.php(248): Symfony\Component\Console\Application->doRunCommand(Object(Illuminate\Database\Console\Migrations\MigrateCommand), Object(Symfony\Component\Console\Input\ArgvInput), Object(Symfony\Component\Console\Output\ConsoleOutput))
#24 C:\xampp\htdocs\software_project\interior_design\vendor\symfony\console\Application.php(148): Symfony\Component\Console\Application->doRun(Object(Symfony\Component\Console\Input\ArgvInput), Object(Symfony\Component\Console\Output\ConsoleOutput))
#25 C:\xampp\htdocs\software_project\interior_design\vendor\laravel\framework\src\Illuminate\Foundation\Console\Kernel.php(122): Symfony\Component\Console\Application->run(Object(Symfony\Component\Console\Input\ArgvInput), Object(Symfony\Component\Console\Output\ConsoleOutput))
#26 C:\xampp\htdocs\software_project\interior_design\artisan(36): Illuminate\Foundation\Console\Kernel->handle(Object(Symfony\Component\Console\Input\ArgvInput), Object(Symfony\Component\Console\Output\ConsoleOutput))
#27 {main}  
[2018-08-02 12:44:29] production.ERROR: exception 'Dotenv\Exception\InvalidFileException' with message 'Dotenv values containing spaces must be surrounded by quotes.' in C:\xampp\htdocs\software_project\interior_design\vendor\vlucas\phpdotenv\src\Loader.php:262
Stack trace:
#0 C:\xampp\htdocs\software_project\interior_design\vendor\vlucas\phpdotenv\src\Loader.php(146): Dotenv\Loader->sanitiseVariableValue('APP_NAME', 'Interior Design')
#1 C:\xampp\htdocs\software_project\interior_design\vendor\vlucas\phpdotenv\src\Loader.php(125): Dotenv\Loader->processFilters('APP_NAME=Interi...', NULL)
#2 C:\xampp\htdocs\software_project\interior_design\vendor\vlucas\phpdotenv\src\Loader.php(365): Dotenv\Loader->normaliseEnvironmentVariable('APP_NAME=Interi...', NULL)
#3 C:\xampp\htdocs\software_project\interior_design\vendor\vlucas\phpdotenv\src\Loader.php(88): Dotenv\Loader->setEnvironmentVariable('APP_NAME=Interi...')
#4 C:\xampp\htdocs\software_project\interior_design\vendor\vlucas\phpdotenv\src\Dotenv.php(106): Dotenv\Loader->load()
#5 C:\xampp\htdocs\software_project\interior_design\vendor\vlucas\phpdotenv\src\Dotenv.php(50): Dotenv\Dotenv->loadData()
#6 C:\xampp\htdocs\software_project\interior_design\vendor\laravel\framework\src\Illuminate\Foundation\Bootstrap\LoadEnvironmentVariables.php(27): Dotenv\Dotenv->load()
#7 C:\xampp\htdocs\software_project\interior_design\vendor\laravel\framework\src\Illuminate\Foundation\Application.php(208): Illuminate\Foundation\Bootstrap\LoadEnvironmentVariables->bootstrap(Object(Illuminate\Foundation\Application))
#8 C:\xampp\htdocs\software_project\interior_design\vendor\laravel\framework\src\Illuminate\Foundation\Console\Kernel.php(267): Illuminate\Foundation\Application->bootstrapWith(Array)
#9 C:\xampp\htdocs\software_project\interior_design\vendor\laravel\framework\src\Illuminate\Foundation\Console\Kernel.php(114): Illuminate\Foundation\Console\Kernel->bootstrap()
#10 C:\xampp\htdocs\software_project\interior_design\artisan(36): Illuminate\Foundation\Console\Kernel->handle(Object(Symfony\Component\Console\Input\ArgvInput), Object(Symfony\Component\Console\Output\ConsoleOutput))
#11 {main}  
[2018-08-02 12:44:33] production.ERROR: exception 'Dotenv\Exception\InvalidFileException' with message 'Dotenv values containing spaces must be surrounded by quotes.' in C:\xampp\htdocs\software_project\interior_design\vendor\vlucas\phpdotenv\src\Loader.php:262
Stack trace:
#0 C:\xampp\htdocs\software_project\interior_design\vendor\vlucas\phpdotenv\src\Loader.php(146): Dotenv\Loader->sanitiseVariableValue('APP_NAME', 'Interior Design')
#1 C:\xampp\htdocs\software_project\interior_design\vendor\vlucas\phpdotenv\src\Loader.php(125): Dotenv\Loader->processFilters('APP_NAME=Interi...', NULL)
#2 C:\xampp\htdocs\software_project\interior_design\vendor\vlucas\phpdotenv\src\Loader.php(365): Dotenv\Loader->normaliseEnvironmentVariable('APP_NAME=Interi...', NULL)
#3 C:\xampp\htdocs\software_project\interior_design\vendor\vlucas\phpdotenv\src\Loader.php(88): Dotenv\Loader->setEnvironmentVariable('APP_NAME=Interi...')
#4 C:\xampp\htdocs\software_project\interior_design\vendor\vlucas\phpdotenv\src\Dotenv.php(106): Dotenv\Loader->load()
#5 C:\xampp\htdocs\software_project\interior_design\vendor\vlucas\phpdotenv\src\Dotenv.php(50): Dotenv\Dotenv->loadData()
#6 C:\xampp\htdocs\software_project\interior_design\vendor\laravel\framework\src\Illuminate\Foundation\Bootstrap\LoadEnvironmentVariables.php(27): Dotenv\Dotenv->load()
#7 C:\xampp\htdocs\software_project\interior_design\vendor\laravel\framework\src\Illuminate\Foundation\Application.php(208): Illuminate\Foundation\Bootstrap\LoadEnvironmentVariables->bootstrap(Object(Illuminate\Foundation\Application))
#8 C:\xampp\htdocs\software_project\interior_design\vendor\laravel\framework\src\Illuminate\Foundation\Console\Kernel.php(267): Illuminate\Foundation\Application->bootstrapWith(Array)
#9 C:\xampp\htdocs\software_project\interior_design\vendor\laravel\framework\src\Illuminate\Foundation\Console\Kernel.php(114): Illuminate\Foundation\Console\Kernel->bootstrap()
#10 C:\xampp\htdocs\software_project\interior_design\artisan(36): Illuminate\Foundation\Console\Kernel->handle(Object(Symfony\Component\Console\Input\ArgvInput), Object(Symfony\Component\Console\Output\ConsoleOutput))
#11 {main}  
[2018-08-02 12:44:45] production.ERROR: exception 'Dotenv\Exception\InvalidFileException' with message 'Dotenv values containing spaces must be surrounded by quotes.' in C:\xampp\htdocs\software_project\interior_design\vendor\vlucas\phpdotenv\src\Loader.php:262
Stack trace:
#0 C:\xampp\htdocs\software_project\interior_design\vendor\vlucas\phpdotenv\src\Loader.php(146): Dotenv\Loader->sanitiseVariableValue('APP_NAME', 'Interior Design')
#1 C:\xampp\htdocs\software_project\interior_design\vendor\vlucas\phpdotenv\src\Loader.php(125): Dotenv\Loader->processFilters('APP_NAME=Interi...', NULL)
#2 C:\xampp\htdocs\software_project\interior_design\vendor\vlucas\phpdotenv\src\Loader.php(365): Dotenv\Loader->normaliseEnvironmentVariable('APP_NAME=Interi...', NULL)
#3 C:\xampp\htdocs\software_project\interior_design\vendor\vlucas\phpdotenv\src\Loader.php(88): Dotenv\Loader->setEnvironmentVariable('APP_NAME=Interi...')
#4 C:\xampp\htdocs\software_project\interior_design\vendor\vlucas\phpdotenv\src\Dotenv.php(106): Dotenv\Loader->load()
#5 C:\xampp\htdocs\software_project\interior_design\vendor\vlucas\phpdotenv\src\Dotenv.php(50): Dotenv\Dotenv->loadData()
#6 C:\xampp\htdocs\software_project\interior_design\vendor\laravel\framework\src\Illuminate\Foundation\Bootstrap\LoadEnvironmentVariables.php(27): Dotenv\Dotenv->load()
#7 C:\xampp\htdocs\software_project\interior_design\vendor\laravel\framework\src\Illuminate\Foundation\Application.php(208): Illuminate\Foundation\Bootstrap\LoadEnvironmentVariables->bootstrap(Object(Illuminate\Foundation\Application))
#8 C:\xampp\htdocs\software_project\interior_design\vendor\laravel\framework\src\Illuminate\Foundation\Console\Kernel.php(267): Illuminate\Foundation\Application->bootstrapWith(Array)
#9 C:\xampp\htdocs\software_project\interior_design\vendor\laravel\framework\src\Illuminate\Foundation\Console\Kernel.php(114): Illuminate\Foundation\Console\Kernel->bootstrap()
#10 C:\xampp\htdocs\software_project\interior_design\artisan(36): Illuminate\Foundation\Console\Kernel->handle(Object(Symfony\Component\Console\Input\ArgvInput), Object(Symfony\Component\Console\Output\ConsoleOutput))
#11 {main}  
[2018-08-02 12:45:53] production.ERROR: exception 'Dotenv\Exception\InvalidFileException' with message 'Dotenv values containing spaces must be surrounded by quotes.' in C:\xampp\htdocs\software_project\interior_design\vendor\vlucas\phpdotenv\src\Loader.php:262
Stack trace:
#0 C:\xampp\htdocs\software_project\interior_design\vendor\vlucas\phpdotenv\src\Loader.php(146): Dotenv\Loader->sanitiseVariableValue('APP_NAME', 'Interior Design')
#1 C:\xampp\htdocs\software_project\interior_design\vendor\vlucas\phpdotenv\src\Loader.php(125): Dotenv\Loader->processFilters('APP_NAME=Interi...', NULL)
#2 C:\xampp\htdocs\software_project\interior_design\vendor\vlucas\phpdotenv\src\Loader.php(365): Dotenv\Loader->normaliseEnvironmentVariable('APP_NAME=Interi...', NULL)
#3 C:\xampp\htdocs\software_project\interior_design\vendor\vlucas\phpdotenv\src\Loader.php(88): Dotenv\Loader->setEnvironmentVariable('APP_NAME=Interi...')
#4 C:\xampp\htdocs\software_project\interior_design\vendor\vlucas\phpdotenv\src\Dotenv.php(106): Dotenv\Loader->load()
#5 C:\xampp\htdocs\software_project\interior_design\vendor\vlucas\phpdotenv\src\Dotenv.php(50): Dotenv\Dotenv->loadData()
#6 C:\xampp\htdocs\software_project\interior_design\vendor\laravel\framework\src\Illuminate\Foundation\Bootstrap\LoadEnvironmentVariables.php(27): Dotenv\Dotenv->load()
#7 C:\xampp\htdocs\software_project\interior_design\vendor\laravel\framework\src\Illuminate\Foundation\Application.php(208): Illuminate\Foundation\Bootstrap\LoadEnvironmentVariables->bootstrap(Object(Illuminate\Foundation\Application))
#8 C:\xampp\htdocs\software_project\interior_design\vendor\laravel\framework\src\Illuminate\Foundation\Console\Kernel.php(267): Illuminate\Foundation\Application->bootstrapWith(Array)
#9 C:\xampp\htdocs\software_project\interior_design\vendor\laravel\framework\src\Illuminate\Foundation\Console\Kernel.php(114): Illuminate\Foundation\Console\Kernel->bootstrap()
#10 C:\xampp\htdocs\software_project\interior_design\artisan(36): Illuminate\Foundation\Console\Kernel->handle(Object(Symfony\Component\Console\Input\ArgvInput), Object(Symfony\Component\Console\Output\ConsoleOutput))
#11 {main}  
